---------------------------------------------
1 ROUGE-1 Average_R: 0.10988 (95%-conf.int. 0.08877 - 0.13154)
1 ROUGE-1 Average_P: 0.31163 (95%-conf.int. 0.25985 - 0.36357)
1 ROUGE-1 Average_F: 0.15916 (95%-conf.int. 0.13001 - 0.18933)
.............................................
1 ROUGE-1 Eval D0901-A.M.100.A.1 R:0.03226 P:0.10526 F:0.04938
1 ROUGE-1 Eval D0902-A.M.100.A.1 R:0.08000 P:0.14815 F:0.10390
1 ROUGE-1 Eval D0903-A.M.100.A.1 R:0.09266 P:0.27273 F:0.13832
1 ROUGE-1 Eval D0904-A.M.100.A.1 R:0.07865 P:0.22826 F:0.11699
1 ROUGE-1 Eval D0905-A.M.100.A.1 R:0.06522 P:0.15000 F:0.09091
1 ROUGE-1 Eval D0906-A.M.100.B.1 R:0.00000 P:0.00000 F:0.00000
1 ROUGE-1 Eval D0907-A.M.100.B.1 R:0.23176 P:0.50000 F:0.31672
1 ROUGE-1 Eval D0908-A.M.100.B.1 R:0.16157 P:0.38542 F:0.22769
1 ROUGE-1 Eval D0909-A.M.100.B.1 R:0.14844 P:0.41304 F:0.21839
1 ROUGE-1 Eval D0910-A.M.100.B.1 R:0.00000 P:0.00000 F:0.00000
1 ROUGE-1 Eval D0911-A.M.100.C.1 R:0.20476 P:0.51190 F:0.29251
1 ROUGE-1 Eval D0912-A.M.100.C.1 R:0.13575 P:0.35714 F:0.19672
1 ROUGE-1 Eval D0913-A.M.100.C.1 R:0.16588 P:0.41667 F:0.23729
1 ROUGE-1 Eval D0914-A.M.100.C.1 R:0.21121 P:0.58333 F:0.31013
1 ROUGE-1 Eval D0915-A.M.100.C.1 R:0.10163 P:0.31250 F:0.15338
1 ROUGE-1 Eval D0916-A.M.100.C.1 R:0.12946 P:0.48333 F:0.20422
1 ROUGE-1 Eval D0917-A.M.100.C.1 R:0.14480 P:0.42105 F:0.21549
1 ROUGE-1 Eval D0918-A.M.100.D.1 R:0.06926 P:0.08696 F:0.07711
1 ROUGE-1 Eval D0919-A.M.100.D.1 R:0.01304 P:0.15000 F:0.02399
1 ROUGE-1 Eval D0920-A.M.100.D.1 R:0.03139 P:0.08750 F:0.04620
1 ROUGE-1 Eval D0921-A.M.100.D.1 R:0.09778 P:0.25000 F:0.14058
1 ROUGE-1 Eval D0922-A.M.100.D.1 R:0.13469 P:0.31731 F:0.18911
1 ROUGE-1 Eval D0923-A.M.100.D.1 R:0.01646 P:0.20000 F:0.03042
1 ROUGE-1 Eval D0924-A.M.100.D.1 R:0.12705 P:0.48438 F:0.20130
1 ROUGE-1 Eval D0925-A.M.100.E.1 R:0.23246 P:0.53000 F:0.32317
1 ROUGE-1 Eval D0926-A.M.100.E.1 R:0.01878 P:0.16667 F:0.03376
1 ROUGE-1 Eval D0927-A.M.100.E.1 R:0.00000 P:0.00000 F:0.00000
1 ROUGE-1 Eval D0928-A.M.100.E.1 R:0.08000 P:0.40909 F:0.13383
1 ROUGE-1 Eval D0929-A.M.100.E.1 R:0.11017 P:0.50000 F:0.18056
1 ROUGE-1 Eval D0930-A.M.100.F.1 R:0.07759 P:0.37500 F:0.12858
1 ROUGE-1 Eval D0931-A.M.100.F.1 R:0.00000 P:0.00000 F:0.00000
1 ROUGE-1 Eval D0932-A.M.100.F.1 R:0.05882 P:0.19444 F:0.09032
1 ROUGE-1 Eval D0933-A.M.100.F.1 R:0.12273 P:0.51923 F:0.19853
1 ROUGE-1 Eval D0934-A.M.100.G.1 R:0.10849 P:0.28750 F:0.15753
1 ROUGE-1 Eval D0935-A.M.100.G.1 R:0.16461 P:0.38462 F:0.23055
1 ROUGE-1 Eval D0936-A.M.100.G.1 R:0.19231 P:0.55556 F:0.28572
1 ROUGE-1 Eval D0937-A.M.100.G.1 R:0.21645 P:0.46296 F:0.29498
1 ROUGE-1 Eval D0938-A.M.100.G.1 R:0.17316 P:0.62500 F:0.27119
1 ROUGE-1 Eval D0939-A.M.100.H.1 R:0.23502 P:0.28977 F:0.25954
1 ROUGE-1 Eval D0940-A.M.100.H.1 R:0.11392 P:0.37500 F:0.17475
1 ROUGE-1 Eval D0941-A.M.100.H.1 R:0.07438 P:0.20455 F:0.10909
1 ROUGE-1 Eval D0942-A.M.100.H.1 R:0.09955 P:0.25000 F:0.14240
1 ROUGE-1 Eval D0943-A.M.100.H.1 R:0.23629 P:0.58333 F:0.33634
1 ROUGE-1 Eval D0944-A.M.100.H.1 R:0.00000 P:0.00000 F:0.00000
---------------------------------------------
1 ROUGE-2 Average_R: 0.03793 (95%-conf.int. 0.02841 - 0.04898)
1 ROUGE-2 Average_P: 0.11172 (95%-conf.int. 0.08475 - 0.14144)
1 ROUGE-2 Average_F: 0.05566 (95%-conf.int. 0.04232 - 0.07165)
.............................................
1 ROUGE-2 Eval D0901-A.M.100.A.1 R:0.00000 P:0.00000 F:0.00000
1 ROUGE-2 Eval D0902-A.M.100.A.1 R:0.00000 P:0.00000 F:0.00000
1 ROUGE-2 Eval D0903-A.M.100.A.1 R:0.01961 P:0.05952 F:0.02950
1 ROUGE-2 Eval D0904-A.M.100.A.1 R:0.03042 P:0.09091 F:0.04559
1 ROUGE-2 Eval D0905-A.M.100.A.1 R:0.01770 P:0.04167 F:0.02485
1 ROUGE-2 Eval D0906-A.M.100.B.1 R:0.00000 P:0.00000 F:0.00000
1 ROUGE-2 Eval D0907-A.M.100.B.1 R:0.12227 P:0.26923 F:0.16817
1 ROUGE-2 Eval D0908-A.M.100.B.1 R:0.06667 P:0.16304 F:0.09464
1 ROUGE-2 Eval D0909-A.M.100.B.1 R:0.05159 P:0.14773 F:0.07647
1 ROUGE-2 Eval D0910-A.M.100.B.1 R:0.00000 P:0.00000 F:0.00000
1 ROUGE-2 Eval D0911-A.M.100.C.1 R:0.07767 P:0.20000 F:0.11189
1 ROUGE-2 Eval D0912-A.M.100.C.1 R:0.03226 P:0.08750 F:0.04714
1 ROUGE-2 Eval D0913-A.M.100.C.1 R:0.04831 P:0.12500 F:0.06969
1 ROUGE-2 Eval D0914-A.M.100.C.1 R:0.10965 P:0.31250 F:0.16234
1 ROUGE-2 Eval D0915-A.M.100.C.1 R:0.00000 P:0.00000 F:0.00000
1 ROUGE-2 Eval D0916-A.M.100.C.1 R:0.05000 P:0.19643 F:0.07971
1 ROUGE-2 Eval D0917-A.M.100.C.1 R:0.05069 P:0.15278 F:0.07612
1 ROUGE-2 Eval D0918-A.M.100.D.1 R:0.00000 P:0.00000 F:0.00000
1 ROUGE-2 Eval D0919-A.M.100.D.1 R:0.00442 P:0.06250 F:0.00826
1 ROUGE-2 Eval D0920-A.M.100.D.1 R:0.00000 P:0.00000 F:0.00000
1 ROUGE-2 Eval D0921-A.M.100.D.1 R:0.02715 P:0.07143 F:0.03935
1 ROUGE-2 Eval D0922-A.M.100.D.1 R:0.03320 P:0.08000 F:0.04693
1 ROUGE-2 Eval D0923-A.M.100.D.1 R:0.00000 P:0.00000 F:0.00000
1 ROUGE-2 Eval D0924-A.M.100.D.1 R:0.04583 P:0.18333 F:0.07333
1 ROUGE-2 Eval D0925-A.M.100.E.1 R:0.10268 P:0.23958 F:0.14375
1 ROUGE-2 Eval D0926-A.M.100.E.1 R:0.00000 P:0.00000 F:0.00000
1 ROUGE-2 Eval D0927-A.M.100.E.1 R:0.00000 P:0.00000 F:0.00000
1 ROUGE-2 Eval D0928-A.M.100.E.1 R:0.01357 P:0.07500 F:0.02298
1 ROUGE-2 Eval D0929-A.M.100.E.1 R:0.04310 P:0.20833 F:0.07142
1 ROUGE-2 Eval D0930-A.M.100.F.1 R:0.03509 P:0.18182 F:0.05883
1 ROUGE-2 Eval D0931-A.M.100.F.1 R:0.00000 P:0.00000 F:0.00000
1 ROUGE-2 Eval D0932-A.M.100.F.1 R:0.01709 P:0.05882 F:0.02648
1 ROUGE-2 Eval D0933-A.M.100.F.1 R:0.06019 P:0.27083 F:0.09849
1 ROUGE-2 Eval D0934-A.M.100.G.1 R:0.02885 P:0.07895 F:0.04226
1 ROUGE-2 Eval D0935-A.M.100.G.1 R:0.01674 P:0.04000 F:0.02360
1 ROUGE-2 Eval D0936-A.M.100.G.1 R:0.07843 P:0.23529 F:0.11765
1 ROUGE-2 Eval D0937-A.M.100.G.1 R:0.08370 P:0.18269 F:0.11480
1 ROUGE-2 Eval D0938-A.M.100.G.1 R:0.09251 P:0.35000 F:0.14634
1 ROUGE-2 Eval D0939-A.M.100.H.1 R:0.07042 P:0.08721 F:0.07792
1 ROUGE-2 Eval D0940-A.M.100.H.1 R:0.04292 P:0.14706 F:0.06645
1 ROUGE-2 Eval D0941-A.M.100.H.1 R:0.01681 P:0.04762 F:0.02485
1 ROUGE-2 Eval D0942-A.M.100.H.1 R:0.05069 P:0.13095 F:0.07309
1 ROUGE-2 Eval D0943-A.M.100.H.1 R:0.09871 P:0.25000 F:0.14154
1 ROUGE-2 Eval D0944-A.M.100.H.1 R:0.00000 P:0.00000 F:0.00000
