---------------------------------------------
1 ROUGE-1 Average_R: 0.22170 (95%-conf.int. 0.20013 - 0.24207)
1 ROUGE-1 Average_P: 0.28085 (95%-conf.int. 0.25939 - 0.30332)
1 ROUGE-1 Average_F: 0.24551 (95%-conf.int. 0.22487 - 0.26609)
.............................................
1 ROUGE-1 Eval D0901-A.M.100.A.1 R:0.25806 P:0.28571 F:0.27118
1 ROUGE-1 Eval D0902-A.M.100.A.1 R:0.19000 P:0.30645 F:0.23457
1 ROUGE-1 Eval D0903-A.M.100.A.1 R:0.23938 P:0.24219 F:0.24078
1 ROUGE-1 Eval D0904-A.M.100.A.1 R:0.17228 P:0.19828 F:0.18437
1 ROUGE-1 Eval D0905-A.M.100.A.1 R:0.15652 P:0.18367 F:0.16901
1 ROUGE-1 Eval D0906-A.M.100.B.1 R:0.13386 P:0.16038 F:0.14592
1 ROUGE-1 Eval D0907-A.M.100.B.1 R:0.26609 P:0.32292 F:0.29176
1 ROUGE-1 Eval D0908-A.M.100.B.1 R:0.13974 P:0.16327 F:0.15059
1 ROUGE-1 Eval D0909-A.M.100.B.1 R:0.27344 P:0.34314 F:0.30435
1 ROUGE-1 Eval D0910-A.M.100.B.1 R:0.27477 P:0.26754 F:0.27111
1 ROUGE-1 Eval D0911-A.M.100.C.1 R:0.36667 P:0.35000 F:0.35814
1 ROUGE-1 Eval D0912-A.M.100.C.1 R:0.18100 P:0.25000 F:0.20998
1 ROUGE-1 Eval D0913-A.M.100.C.1 R:0.18483 P:0.29545 F:0.22740
1 ROUGE-1 Eval D0914-A.M.100.C.1 R:0.28017 P:0.39634 F:0.32828
1 ROUGE-1 Eval D0915-A.M.100.C.1 R:0.20732 P:0.34459 F:0.25888
1 ROUGE-1 Eval D0916-A.M.100.C.1 R:0.27232 P:0.33889 F:0.30198
1 ROUGE-1 Eval D0917-A.M.100.C.1 R:0.26244 P:0.25439 F:0.25835
1 ROUGE-1 Eval D0918-A.M.100.D.1 R:0.13420 P:0.22794 F:0.16894
1 ROUGE-1 Eval D0919-A.M.100.D.1 R:0.14348 P:0.27500 F:0.18857
1 ROUGE-1 Eval D0920-A.M.100.D.1 R:0.14798 P:0.24265 F:0.18384
1 ROUGE-1 Eval D0921-A.M.100.D.1 R:0.18667 P:0.30882 F:0.23269
1 ROUGE-1 Eval D0922-A.M.100.D.1 R:0.24082 P:0.25000 F:0.24532
1 ROUGE-1 Eval D0923-A.M.100.D.1 R:0.19342 P:0.28659 F:0.23096
1 ROUGE-1 Eval D0924-A.M.100.D.1 R:0.19262 P:0.24479 F:0.21559
1 ROUGE-1 Eval D0925-A.M.100.E.1 R:0.30702 P:0.42683 F:0.35714
1 ROUGE-1 Eval D0926-A.M.100.E.1 R:0.15962 P:0.16667 F:0.16307
1 ROUGE-1 Eval D0927-A.M.100.E.1 R:0.23188 P:0.27273 F:0.25065
1 ROUGE-1 Eval D0928-A.M.100.E.1 R:0.25778 P:0.38158 F:0.30769
1 ROUGE-1 Eval D0929-A.M.100.E.1 R:0.23305 P:0.24123 F:0.23707
1 ROUGE-1 Eval D0930-A.M.100.F.1 R:0.12500 P:0.16111 F:0.14078
1 ROUGE-1 Eval D0931-A.M.100.F.1 R:0.06224 P:0.15000 F:0.08798
1 ROUGE-1 Eval D0932-A.M.100.F.1 R:0.22689 P:0.26471 F:0.24435
1 ROUGE-1 Eval D0933-A.M.100.F.1 R:0.10455 P:0.20536 F:0.13856
1 ROUGE-1 Eval D0934-A.M.100.G.1 R:0.25472 P:0.24107 F:0.24771
1 ROUGE-1 Eval D0935-A.M.100.G.1 R:0.13580 P:0.27500 F:0.18182
1 ROUGE-1 Eval D0936-A.M.100.G.1 R:0.27404 P:0.29688 F:0.28500
1 ROUGE-1 Eval D0937-A.M.100.G.1 R:0.29437 P:0.38636 F:0.33415
1 ROUGE-1 Eval D0938-A.M.100.G.1 R:0.22511 P:0.23214 F:0.22857
1 ROUGE-1 Eval D0939-A.M.100.H.1 R:0.35484 P:0.40957 F:0.38025
1 ROUGE-1 Eval D0940-A.M.100.H.1 R:0.21097 P:0.24510 F:0.22676
1 ROUGE-1 Eval D0941-A.M.100.H.1 R:0.37603 P:0.44608 F:0.40807
1 ROUGE-1 Eval D0942-A.M.100.H.1 R:0.27602 P:0.33152 F:0.30123
1 ROUGE-1 Eval D0943-A.M.100.H.1 R:0.30802 P:0.39674 F:0.34680
1 ROUGE-1 Eval D0944-A.M.100.H.1 R:0.21860 P:0.26111 F:0.23797
---------------------------------------------
1 ROUGE-2 Average_R: 0.05605 (95%-conf.int. 0.04672 - 0.06615)
1 ROUGE-2 Average_P: 0.07022 (95%-conf.int. 0.05922 - 0.08224)
1 ROUGE-2 Average_F: 0.06184 (95%-conf.int. 0.05196 - 0.07249)
.............................................
1 ROUGE-2 Eval D0901-A.M.100.A.1 R:0.03279 P:0.03636 F:0.03448
1 ROUGE-2 Eval D0902-A.M.100.A.1 R:0.05612 P:0.09167 F:0.06962
1 ROUGE-2 Eval D0903-A.M.100.A.1 R:0.03137 P:0.03175 F:0.03156
1 ROUGE-2 Eval D0904-A.M.100.A.1 R:0.03042 P:0.03509 F:0.03259
1 ROUGE-2 Eval D0905-A.M.100.A.1 R:0.00885 P:0.01042 F:0.00957
1 ROUGE-2 Eval D0906-A.M.100.B.1 R:0.03200 P:0.03846 F:0.03493
1 ROUGE-2 Eval D0907-A.M.100.B.1 R:0.10044 P:0.12234 F:0.11031
1 ROUGE-2 Eval D0908-A.M.100.B.1 R:0.03111 P:0.03646 F:0.03357
1 ROUGE-2 Eval D0909-A.M.100.B.1 R:0.06349 P:0.08000 F:0.07080
1 ROUGE-2 Eval D0910-A.M.100.B.1 R:0.11468 P:0.11161 F:0.11312
1 ROUGE-2 Eval D0911-A.M.100.C.1 R:0.10194 P:0.09722 F:0.09952
1 ROUGE-2 Eval D0912-A.M.100.C.1 R:0.03687 P:0.05128 F:0.04290
1 ROUGE-2 Eval D0913-A.M.100.C.1 R:0.04348 P:0.07031 F:0.05373
1 ROUGE-2 Eval D0914-A.M.100.C.1 R:0.05263 P:0.07500 F:0.06185
1 ROUGE-2 Eval D0915-A.M.100.C.1 R:0.04545 P:0.07639 F:0.05699
1 ROUGE-2 Eval D0916-A.M.100.C.1 R:0.07273 P:0.09091 F:0.08081
1 ROUGE-2 Eval D0917-A.M.100.C.1 R:0.06452 P:0.06250 F:0.06349
1 ROUGE-2 Eval D0918-A.M.100.D.1 R:0.00881 P:0.01515 F:0.01114
1 ROUGE-2 Eval D0919-A.M.100.D.1 R:0.05752 P:0.11207 F:0.07602
1 ROUGE-2 Eval D0920-A.M.100.D.1 R:0.05023 P:0.08333 F:0.06268
1 ROUGE-2 Eval D0921-A.M.100.D.1 R:0.04072 P:0.06818 F:0.05099
1 ROUGE-2 Eval D0922-A.M.100.D.1 R:0.04564 P:0.04741 F:0.04651
1 ROUGE-2 Eval D0923-A.M.100.D.1 R:0.05021 P:0.07500 F:0.06015
1 ROUGE-2 Eval D0924-A.M.100.D.1 R:0.02917 P:0.03723 F:0.03271
1 ROUGE-2 Eval D0925-A.M.100.E.1 R:0.04911 P:0.06875 F:0.05729
1 ROUGE-2 Eval D0926-A.M.100.E.1 R:0.03349 P:0.03500 F:0.03423
1 ROUGE-2 Eval D0927-A.M.100.E.1 R:0.05419 P:0.06395 F:0.05867
1 ROUGE-2 Eval D0928-A.M.100.E.1 R:0.07692 P:0.11486 F:0.09214
1 ROUGE-2 Eval D0929-A.M.100.E.1 R:0.05172 P:0.05357 F:0.05263
1 ROUGE-2 Eval D0930-A.M.100.F.1 R:0.03070 P:0.03977 F:0.03465
1 ROUGE-2 Eval D0931-A.M.100.F.1 R:0.00000 P:0.00000 F:0.00000
1 ROUGE-2 Eval D0932-A.M.100.F.1 R:0.07265 P:0.08500 F:0.07834
1 ROUGE-2 Eval D0933-A.M.100.F.1 R:0.01852 P:0.03704 F:0.02469
1 ROUGE-2 Eval D0934-A.M.100.G.1 R:0.05288 P:0.05000 F:0.05140
1 ROUGE-2 Eval D0935-A.M.100.G.1 R:0.00418 P:0.00862 F:0.00563
1 ROUGE-2 Eval D0936-A.M.100.G.1 R:0.09314 P:0.10106 F:0.09694
1 ROUGE-2 Eval D0937-A.M.100.G.1 R:0.08811 P:0.11628 F:0.10025
1 ROUGE-2 Eval D0938-A.M.100.G.1 R:0.06167 P:0.06364 F:0.06264
1 ROUGE-2 Eval D0939-A.M.100.H.1 R:0.14085 P:0.16304 F:0.15113
1 ROUGE-2 Eval D0940-A.M.100.H.1 R:0.05579 P:0.06500 F:0.06004
1 ROUGE-2 Eval D0941-A.M.100.H.1 R:0.13025 P:0.15500 F:0.14155
1 ROUGE-2 Eval D0942-A.M.100.H.1 R:0.08756 P:0.10556 F:0.09572
1 ROUGE-2 Eval D0943-A.M.100.H.1 R:0.11159 P:0.14444 F:0.12591
1 ROUGE-2 Eval D0944-A.M.100.H.1 R:0.04739 P:0.05682 F:0.05168
